TN:
SF:/home/revathi/project/sunbird-portal/src/app/migration/src/src/polyfills.ts
FNF:0
FNH:0
DA:46,1
DA:60,1
LF:2
LH:2
BRF:0
BRH:0
end_of_record
TN:
SF:/home/revathi/project/sunbird-portal/src/app/migration/src/src/test.ts
FN:20,(anonymous_0)
FNF:1
FNH:1
FNDA:1,(anonymous_0)
DA:3,1
DA:4,1
DA:5,1
DA:6,1
DA:7,1
DA:8,1
DA:9,1
DA:10,1
DA:20,1
DA:23,1
DA:28,1
DA:30,1
DA:32,1
LF:13
LH:13
BRF:0
BRH:0
end_of_record
TN:
SF:/home/revathi/project/sunbird-portal/src/app/migration/src/src/app/app.component.ts
FN:7,(anonymous_1)
FN:2,AppComponent
FNF:2
FNH:1
FNDA:1,(anonymous_1)
FNDA:0,AppComponent
DA:1,1
DA:7,1
DA:8,0
DA:9,1
LF:4
LH:3
BRF:0
BRH:0
end_of_record
TN:
SF:/home/revathi/project/sunbird-portal/src/app/migration/src/src/app/auth-guards/auth-guard.service.ts
FN:8,(anonymous_2)
FN:9,AuthGuard
FN:11,(anonymous_4)
FN:14,(anonymous_5)
FN:15,(anonymous_6)
FN:17,(anonymous_7)
FN:30,(anonymous_8)
FNF:7
FNH:1
FNDA:1,(anonymous_2)
FNDA:0,AuthGuard
FNDA:0,(anonymous_4)
FNDA:0,(anonymous_5)
FNDA:0,(anonymous_6)
FNDA:0,(anonymous_7)
FNDA:0,(anonymous_8)
DA:1,1
DA:2,1
DA:3,1
DA:4,1
DA:8,1
DA:9,0
DA:11,1
DA:12,0
DA:14,1
DA:15,0
DA:16,0
DA:18,0
DA:19,0
DA:20,0
DA:21,0
DA:24,0
DA:30,1
DA:31,0
DA:33,1
LF:19
LH:9
BRDA:18,0,0,0
BRDA:18,0,1,0
BRF:2
BRH:0
end_of_record
TN:
SF:/home/revathi/project/sunbird-portal/src/app/migration/src/src/app/components/common/app-loader/app-loader.component.ts
FN:9,(anonymous_2)
FN:15,AppLoaderComponent
FN:17,(anonymous_4)
FNF:3
FNH:3
FNDA:1,(anonymous_2)
FNDA:1,AppLoaderComponent
FNDA:1,(anonymous_4)
DA:1,1
DA:2,1
DA:9,1
DA:10,1
DA:17,1
DA:18,1
DA:20,1
DA:23,1
DA:27,1
LF:9
LH:9
BRDA:21,0,0,0
BRDA:21,0,1,1
BRDA:20,1,0,1
BRDA:20,1,1,0
BRDA:24,2,0,0
BRDA:24,2,1,1
BRDA:23,3,0,1
BRDA:23,3,1,0
BRF:8
BRH:4
end_of_record
TN:
SF:/home/revathi/project/sunbird-portal/src/app/migration/src/src/app/components/community-list/community-list.component.ts
FN:8,(anonymous_2)
FN:10,CommunityListComponent
FN:12,(anonymous_4)
FNF:3
FNH:3
FNDA:1,(anonymous_2)
FNDA:1,CommunityListComponent
FNDA:1,(anonymous_4)
DA:1,1
DA:8,1
DA:12,1
DA:15,1
LF:4
LH:4
BRF:0
BRH:0
end_of_record
TN:
SF:/home/revathi/project/sunbird-portal/src/app/migration/src/src/app/components/discussions/interfaces/discussions.interface.ts
FN:1,(anonymous_0)
FN:2,DiscussionsObject
FNF:2
FNH:1
FNDA:1,(anonymous_0)
FNDA:0,DiscussionsObject
DA:1,1
DA:3,0
DA:4,0
DA:5,0
DA:7,0
DA:8,0
DA:9,0
DA:11,1
LF:8
LH:2
BRF:0
BRH:0
end_of_record
TN:
SF:/home/revathi/project/sunbird-portal/src/app/migration/src/src/app/components/discussions/thread-list/thread-list.component.ts
FN:11,(anonymous_2)
FN:15,ThreadListComponent
FN:17,(anonymous_4)
FN:18,(anonymous_5)
FN:24,(anonymous_6)
FN:29,(anonymous_7)
FN:33,(anonymous_8)
FN:38,(anonymous_9)
FNF:8
FNH:1
FNDA:1,(anonymous_2)
FNDA:0,ThreadListComponent
FNDA:0,(anonymous_4)
FNDA:0,(anonymous_5)
FNDA:0,(anonymous_6)
FNDA:0,(anonymous_7)
FNDA:0,(anonymous_8)
FNDA:0,(anonymous_9)
DA:1,1
DA:2,1
DA:3,1
DA:5,1
DA:11,1
DA:14,0
DA:15,0
DA:17,1
DA:18,0
DA:19,0
DA:20,0
DA:21,0
DA:22,0
DA:25,0
DA:29,1
DA:30,0
DA:33,1
DA:34,0
DA:38,1
DA:39,0
DA:40,0
DA:41,0
DA:43,1
LF:23
LH:10
BRF:0
BRH:0
end_of_record
TN:
SF:/home/revathi/project/sunbird-portal/src/app/migration/src/src/app/components/header/main-header/main-header.component.ts
FN:13,(anonymous_2)
FN:25,MainHeaderComponent
FN:30,(anonymous_4)
FN:32,(anonymous_5)
FN:46,(anonymous_6)
FNF:5
FNH:1
FNDA:1,(anonymous_2)
FNDA:0,MainHeaderComponent
FNDA:0,(anonymous_4)
FNDA:0,(anonymous_5)
FNDA:0,(anonymous_6)
DA:1,1
DA:2,1
DA:3,1
DA:4,1
DA:5,1
DA:13,1
DA:19,0
DA:20,0
DA:21,0
DA:22,0
DA:23,0
DA:24,0
DA:25,0
DA:26,0
DA:27,0
DA:30,1
DA:31,0
DA:33,0
DA:34,0
DA:35,0
DA:36,0
DA:37,0
DA:46,1
DA:47,0
DA:49,1
LF:25
LH:9
BRDA:34,0,0,0
BRDA:34,0,1,0
BRDA:35,1,0,0
BRDA:35,1,1,0
BRDA:37,2,0,0
BRDA:37,2,1,0
BRF:6
BRH:0
end_of_record
TN:
SF:/home/revathi/project/sunbird-portal/src/app/migration/src/src/app/components/header/main-menu/main-menu.component.ts
FN:10,(anonymous_2)
FN:12,MainMenuComponent
FN:14,(anonymous_4)
FNF:3
FNH:1
FNDA:1,(anonymous_2)
FNDA:0,MainMenuComponent
FNDA:0,(anonymous_4)
DA:1,1
DA:3,1
DA:10,1
DA:12,0
DA:14,1
DA:17,1
LF:6
LH:5
BRF:0
BRH:0
end_of_record
TN:
SF:/home/revathi/project/sunbird-portal/src/app/migration/src/src/app/components/header/search/search.component.ts
FN:8,(anonymous_2)
FN:10,SearchComponent
FN:12,(anonymous_4)
FNF:3
FNH:1
FNDA:1,(anonymous_2)
FNDA:0,SearchComponent
FNDA:0,(anonymous_4)
DA:1,1
DA:8,1
DA:12,1
DA:15,1
LF:4
LH:4
BRF:0
BRH:0
end_of_record
TN:
SF:/home/revathi/project/sunbird-portal/src/app/migration/src/src/app/components/profile/profile/profile.component.ts
FN:11,(anonymous_2)
FN:19,ProfileComponent
FN:23,(anonymous_4)
FN:25,(anonymous_5)
FNF:4
FNH:1
FNDA:1,(anonymous_2)
FNDA:0,ProfileComponent
FNDA:0,(anonymous_4)
FNDA:0,(anonymous_5)
DA:1,1
DA:2,1
DA:3,1
DA:4,1
DA:11,1
DA:12,0
DA:13,0
DA:14,0
DA:19,0
DA:20,0
DA:21,0
DA:23,1
DA:25,1
DA:26,0
DA:27,0
DA:29,1
LF:16
LH:8
BRF:0
BRH:0
end_of_record
TN:
SF:/home/revathi/project/sunbird-portal/src/app/migration/src/src/app/components/profile/profile-header/profile-header.component.ts
FN:11,(anonymous_2)
FN:13,ProfileHeaderComponent
FN:17,(anonymous_4)
FN:19,(anonymous_5)
FN:22,(anonymous_6)
FN:24,(anonymous_7)
FNF:6
FNH:1
FNDA:1,(anonymous_2)
FNDA:0,ProfileHeaderComponent
FNDA:0,(anonymous_4)
FNDA:0,(anonymous_5)
FNDA:0,(anonymous_6)
FNDA:0,(anonymous_7)
DA:1,1
DA:2,1
DA:3,1
DA:4,1
DA:11,1
DA:12,1
DA:13,0
DA:14,0
DA:15,0
DA:17,1
DA:19,1
DA:20,0
DA:22,1
DA:23,0
DA:25,0
DA:32,1
LF:16
LH:10
BRDA:25,0,0,0
BRDA:25,0,1,0
BRF:2
BRH:0
end_of_record
TN:
SF:/home/revathi/project/sunbird-portal/src/app/migration/src/src/app/components/profile/profile-view/profile-view.component.ts
FN:8,(anonymous_2)
FN:10,ProfileViewComponent
FN:12,(anonymous_4)
FNF:3
FNH:3
FNDA:1,(anonymous_2)
FNDA:1,ProfileViewComponent
FNDA:1,(anonymous_4)
DA:1,1
DA:8,1
DA:12,1
DA:15,1
LF:4
LH:4
BRF:0
BRH:0
end_of_record
TN:
SF:/home/revathi/project/sunbird-portal/src/app/migration/src/src/app/directives/permission.directive.ts
FN:7,(anonymous_2)
FN:9,PermissionDirective
FN:11,(anonymous_4)
FN:13,(anonymous_5)
FNF:4
FNH:2
FNDA:1,(anonymous_2)
FNDA:1,PermissionDirective
FNDA:0,(anonymous_4)
FNDA:0,(anonymous_5)
DA:1,1
DA:2,1
DA:7,1
DA:8,1
DA:9,1
DA:11,1
DA:12,0
DA:14,0
DA:15,0
DA:16,0
DA:19,0
DA:25,1
LF:12
LH:7
BRDA:14,0,0,0
BRDA:14,0,1,0
BRDA:15,1,0,0
BRDA:15,1,1,0
BRF:4
BRH:0
end_of_record
TN:
SF:/home/revathi/project/sunbird-portal/src/app/migration/src/src/app/services/announcement/announcement.service.ts
FN:8,(anonymous_7)
FN:9,AnnouncementService
FNF:2
FNH:1
FNDA:1,(anonymous_7)
FNDA:0,AnnouncementService
DA:1,1
DA:2,1
DA:3,1
DA:4,1
DA:5,1
DA:8,1
DA:9,0
DA:10,0
DA:13,1
LF:9
LH:7
BRDA:10,0,0,0
BRDA:10,0,1,0
BRF:2
BRH:0
end_of_record
TN:
SF:/home/revathi/project/sunbird-portal/src/app/migration/src/src/app/services/content/content.service.ts
FN:8,(anonymous_7)
FN:9,ContentService
FNF:2
FNH:1
FNDA:1,(anonymous_7)
FNDA:0,ContentService
DA:1,1
DA:2,1
DA:3,1
DA:4,1
DA:5,1
DA:8,1
DA:9,0
DA:10,0
DA:13,1
LF:9
LH:7
BRDA:10,0,0,0
BRDA:10,0,1,0
BRF:2
BRH:0
end_of_record
TN:
SF:/home/revathi/project/sunbird-portal/src/app/migration/src/src/app/services/data/data.service.ts
FN:20,(anonymous_2)
FN:23,DataService
FN:26,(anonymous_4)
FN:35,(anonymous_5)
FN:43,(anonymous_6)
FN:47,(anonymous_7)
FN:50,(anonymous_8)
FN:52,(anonymous_9)
FNF:8
FNH:1
FNDA:1,(anonymous_2)
FNDA:0,DataService
FNDA:0,(anonymous_4)
FNDA:0,(anonymous_5)
FNDA:0,(anonymous_6)
FNDA:0,(anonymous_7)
FNDA:0,(anonymous_8)
FNDA:0,(anonymous_9)
DA:2,1
DA:3,1
DA:4,1
DA:5,1
DA:8,1
DA:9,1
DA:10,1
DA:20,1
DA:22,0
DA:23,0
DA:26,1
DA:27,0
DA:31,0
DA:35,1
DA:36,0
DA:40,0
DA:43,1
DA:44,0
DA:47,1
DA:48,0
DA:50,1
DA:52,1
DA:53,0
DA:64,1
LF:24
LH:15
BRF:0
BRH:0
end_of_record
TN:
SF:/home/revathi/project/sunbird-portal/src/app/migration/src/src/app/services/discussions/discussions.service.ts
FN:13,(anonymous_7)
FN:19,DiscussionsApiservice
FN:22,(anonymous_9)
FN:26,(anonymous_10)
FN:31,(anonymous_11)
FN:35,(anonymous_12)
FN:40,(anonymous_13)
FN:45,(anonymous_14)
FN:48,(anonymous_15)
FN:56,(anonymous_16)
FN:61,(anonymous_17)
FN:65,(anonymous_18)
FN:69,(anonymous_19)
FN:75,(anonymous_20)
FN:79,(anonymous_21)
FN:85,(anonymous_22)
FNF:16
FNH:1
FNDA:1,(anonymous_7)
FNDA:0,DiscussionsApiservice
FNDA:0,(anonymous_9)
FNDA:0,(anonymous_10)
FNDA:0,(anonymous_11)
FNDA:0,(anonymous_12)
FNDA:0,(anonymous_13)
FNDA:0,(anonymous_14)
FNDA:0,(anonymous_15)
FNDA:0,(anonymous_16)
FNDA:0,(anonymous_17)
FNDA:0,(anonymous_18)
FNDA:0,(anonymous_19)
FNDA:0,(anonymous_20)
FNDA:0,(anonymous_21)
FNDA:0,(anonymous_22)
DA:1,1
DA:2,1
DA:4,1
DA:5,1
DA:6,1
DA:7,1
DA:8,1
DA:10,1
DA:13,1
DA:14,0
DA:15,0
DA:16,0
DA:17,0
DA:19,0
DA:20,0
DA:22,1
DA:23,0
DA:24,0
DA:26,1
DA:27,0
DA:30,0
DA:32,0
DA:35,1
DA:36,0
DA:39,0
DA:41,0
DA:45,1
DA:46,0
DA:48,1
DA:49,0
DA:54,0
DA:55,0
DA:57,0
DA:61,1
DA:62,0
DA:63,0
DA:64,0
DA:66,0
DA:69,1
DA:70,0
DA:71,0
DA:75,0
DA:76,0
DA:79,1
DA:80,0
DA:81,0
DA:85,0
DA:86,0
DA:89,1
LF:49
LH:18
BRDA:20,0,0,0
BRDA:20,0,1,0
BRF:2
BRH:0
end_of_record
TN:
SF:/home/revathi/project/sunbird-portal/src/app/migration/src/src/app/services/learner/learner.service.ts
FN:7,(anonymous_7)
FN:8,LearnerService
FNF:2
FNH:1
FNDA:1,(anonymous_7)
FNDA:0,LearnerService
DA:1,1
DA:2,1
DA:3,1
DA:4,1
DA:5,1
DA:7,1
DA:8,0
DA:9,0
DA:12,1
LF:9
LH:7
BRDA:9,0,0,0
BRDA:9,0,1,0
BRF:2
BRH:0
end_of_record
TN:
SF:/home/revathi/project/sunbird-portal/src/app/migration/src/src/app/services/permission/permission.service.ts
FN:15,(anonymous_2)
FN:25,PermissionService
FN:28,(anonymous_4)
FN:33,(anonymous_5)
FN:36,(anonymous_6)
FN:41,(anonymous_7)
FN:43,(anonymous_8)
FN:46,(anonymous_9)
FN:57,(anonymous_10)
FN:59,(anonymous_11)
FN:63,(anonymous_12)
FN:82,(anonymous_13)
FN:98,(anonymous_14)
FNF:13
FNH:1
FNDA:1,(anonymous_2)
FNDA:0,PermissionService
FNDA:0,(anonymous_4)
FNDA:0,(anonymous_5)
FNDA:0,(anonymous_6)
FNDA:0,(anonymous_7)
FNDA:0,(anonymous_8)
FNDA:0,(anonymous_9)
FNDA:0,(anonymous_10)
FNDA:0,(anonymous_11)
FNDA:0,(anonymous_12)
FNDA:0,(anonymous_13)
FNDA:0,(anonymous_14)
DA:1,1
DA:2,1
DA:3,1
DA:4,1
DA:5,1
DA:10,1
DA:12,1
DA:15,1
DA:16,0
DA:17,0
DA:18,0
DA:19,0
DA:20,0
DA:21,0
DA:22,0
DA:23,0
DA:25,0
DA:26,0
DA:28,1
DA:29,0
DA:32,0
DA:34,0
DA:37,0
DA:41,1
DA:42,0
DA:43,0
DA:44,0
DA:45,0
DA:46,0
DA:47,0
DA:48,0
DA:49,0
DA:51,0
DA:53,0
DA:54,0
DA:57,1
DA:58,0
DA:60,0
DA:61,0
DA:62,0
DA:63,0
DA:64,0
DA:65,0
DA:66,0
DA:70,0
DA:71,0
DA:72,0
DA:73,0
DA:82,1
DA:83,0
DA:84,0
DA:85,0
DA:86,0
DA:87,0
DA:89,0
DA:92,0
DA:95,0
DA:98,1
DA:99,0
DA:100,0
DA:101,0
DA:103,0
DA:105,0
DA:107,1
LF:64
LH:14
BRDA:60,0,0,0
BRDA:60,0,1,0
BRDA:61,1,0,0
BRDA:61,1,1,0
BRDA:65,2,0,0
BRDA:65,2,1,0
BRDA:65,3,0,0
BRDA:65,3,1,0
BRDA:72,4,0,0
BRDA:72,4,1,0
BRDA:83,5,0,0
BRDA:83,5,1,0
BRDA:83,6,0,0
BRDA:83,6,1,0
BRDA:84,7,0,0
BRDA:84,7,1,0
BRDA:85,8,0,0
BRDA:85,8,1,0
BRDA:86,9,0,0
BRDA:86,9,1,0
BRDA:86,10,0,0
BRDA:86,10,1,0
BRDA:89,11,0,0
BRDA:89,11,1,0
BRDA:99,12,0,0
BRDA:99,12,1,0
BRDA:100,13,0,0
BRDA:100,13,1,0
BRDA:100,14,0,0
BRDA:100,14,1,0
BRDA:103,15,0,0
BRDA:103,15,1,0
BRF:32
BRH:0
end_of_record
TN:
SF:/home/revathi/project/sunbird-portal/src/app/migration/src/src/app/services/resource/resource.service.ts
FN:7,(anonymous_7)
FN:10,ResourceService
FN:13,(anonymous_9)
FN:18,(anonymous_10)
FN:23,(anonymous_11)
FNF:5
FNH:1
FNDA:1,(anonymous_7)
FNDA:0,ResourceService
FNDA:0,(anonymous_9)
FNDA:0,(anonymous_10)
FNDA:0,(anonymous_11)
DA:1,1
DA:2,1
DA:3,1
DA:4,1
DA:5,1
DA:7,1
DA:8,0
DA:9,0
DA:10,0
DA:11,0
DA:12,0
DA:14,0
DA:15,0
DA:16,0
DA:19,0
DA:23,1
DA:24,0
DA:27,0
DA:30,1
LF:19
LH:8
BRDA:11,0,0,0
BRDA:11,0,1,0
BRF:2
BRH:0
end_of_record
TN:
SF:/home/revathi/project/sunbird-portal/src/app/migration/src/src/app/services/route-resolve/route-resolve.service.ts
FN:9,(anonymous_2)
FN:10,RouteResolveService
FN:12,(anonymous_4)
FN:18,(anonymous_5)
FN:19,(anonymous_6)
FN:21,(anonymous_7)
FNF:6
FNH:1
FNDA:1,(anonymous_2)
FNDA:0,RouteResolveService
FNDA:0,(anonymous_4)
FNDA:0,(anonymous_5)
FNDA:0,(anonymous_6)
FNDA:0,(anonymous_7)
DA:1,1
DA:2,1
DA:3,1
DA:6,1
DA:9,1
DA:10,0
DA:12,1
DA:16,0
DA:18,1
DA:19,0
DA:20,0
DA:22,0
DA:23,0
DA:24,0
DA:30,1
LF:15
LH:8
BRDA:22,0,0,0
BRDA:22,0,1,0
BRF:2
BRH:0
end_of_record
TN:
SF:/home/revathi/project/sunbird-portal/src/app/migration/src/src/app/services/user/user.service.ts
FN:14,(anonymous_3)
FN:19,UserService
FN:27,(anonymous_5)
FN:35,(anonymous_6)
FN:41,(anonymous_7)
FN:44,(anonymous_8)
FN:51,(anonymous_9)
FN:55,(anonymous_10)
FNF:8
FNH:1
FNDA:1,(anonymous_3)
FNDA:0,UserService
FNDA:0,(anonymous_5)
FNDA:0,(anonymous_6)
FNDA:0,(anonymous_7)
FNDA:0,(anonymous_8)
FNDA:0,(anonymous_9)
FNDA:0,(anonymous_10)
DA:1,1
DA:2,1
DA:3,1
DA:8,1
DA:10,1
DA:11,1
DA:12,1
DA:14,1
DA:16,0
DA:17,0
DA:18,0
DA:19,0
DA:21,0
DA:22,0
DA:23,0
DA:27,1
DA:28,0
DA:29,0
DA:31,0
DA:35,1
DA:36,0
DA:40,0
DA:42,0
DA:45,0
DA:46,0
DA:51,1
DA:52,0
DA:53,0
DA:54,0
DA:55,0
DA:56,0
DA:57,0
DA:60,0
DA:61,0
DA:62,0
DA:66,0
DA:69,1
LF:37
LH:12
BRDA:22,0,0,0
BRDA:22,0,1,0
BRDA:28,1,0,0
BRDA:28,1,1,0
BRDA:52,2,0,0
BRDA:52,2,1,0
BRDA:52,3,0,0
BRDA:52,3,1,0
BRDA:56,4,0,0
BRDA:56,4,1,0
BRDA:56,5,0,0
BRDA:56,5,1,0
BRF:12
BRH:0
end_of_record
TN:
SF:/home/revathi/project/sunbird-portal/src/app/migration/src/src/random/auth-guard/auth-guard.component.ts
FN:11,(anonymous_2)
FN:13,AuthGuardComponent
FN:15,(anonymous_4)
FNF:3
FNH:1
FNDA:1,(anonymous_2)
FNDA:0,AuthGuardComponent
FNDA:0,(anonymous_4)
DA:3,1
DA:4,1
DA:11,1
DA:13,0
DA:15,1
DA:16,0
DA:18,1
LF:7
LH:5
BRF:0
BRH:0
end_of_record
