TN:
SF:D:/ekstep/sunbird-portal-angular5/sunbird-portal/src/app/migration/src/src/polyfills.ts
FNF:0
FNH:0
DA:46,1
DA:60,1
LF:2
LH:2
BRF:0
BRH:0
end_of_record
TN:
SF:D:/ekstep/sunbird-portal-angular5/sunbird-portal/src/app/migration/src/src/test.ts
FN:20,(anonymous_0)
FNF:1
FNH:1
FNDA:1,(anonymous_0)
DA:3,1
DA:4,1
DA:5,1
DA:6,1
DA:7,1
DA:8,1
DA:9,1
DA:10,1
DA:20,1
DA:23,1
DA:28,1
DA:30,1
DA:32,1
LF:13
LH:13
BRF:0
BRH:0
end_of_record
TN:
SF:D:/ekstep/sunbird-portal-angular5/sunbird-portal/src/app/migration/src/src/app/modules/common/components/discussions/create-thread/create-thread.component.ts
FN:12,(anonymous_2)
FN:21,CreateThreadComponent
FN:22,(anonymous_4)
FN:25,(anonymous_5)
FN:30,(anonymous_6)
FN:33,(anonymous_7)
FN:35,(anonymous_8)
FN:41,(anonymous_9)
FNF:8
FNH:6
FNDA:1,(anonymous_2)
FNDA:2,CreateThreadComponent
FNDA:2,(anonymous_4)
FNDA:2,(anonymous_5)
FNDA:1,(anonymous_6)
FNDA:1,(anonymous_7)
FNDA:0,(anonymous_8)
FNDA:0,(anonymous_9)
DA:1,1
DA:2,1
DA:3,1
DA:4,1
DA:12,1
DA:20,2
DA:21,2
DA:22,2
DA:23,2
DA:24,2
DA:25,2
DA:26,2
DA:27,2
DA:30,1
DA:31,1
DA:33,1
DA:34,1
DA:35,1
DA:36,0
DA:37,0
DA:38,0
DA:39,0
DA:40,0
DA:41,0
DA:42,0
DA:45,0
DA:49,1
LF:27
LH:19
BRDA:39,0,0,0
BRDA:39,0,1,0
BRDA:39,1,0,0
BRDA:39,1,1,0
BRF:4
BRH:0
end_of_record
TN:
SF:D:/ekstep/sunbird-portal-angular5/sunbird-portal/src/app/migration/src/src/app/modules/common/components/discussions/interfaces/discussions.interface.ts
FN:1,(anonymous_0)
FN:2,DiscussionsObject
FNF:2
FNH:2
FNDA:1,(anonymous_0)
FNDA:2,DiscussionsObject
DA:1,1
DA:3,2
DA:4,2
DA:5,2
DA:7,2
DA:8,2
DA:9,2
DA:11,1
LF:8
LH:8
BRF:0
BRH:0
end_of_record
TN:
SF:D:/ekstep/sunbird-portal-angular5/sunbird-portal/src/app/migration/src/src/app/services/data/data.service.ts
FN:20,(anonymous_2)
FN:23,DataService
FN:26,(anonymous_4)
FN:32,(anonymous_5)
FN:40,(anonymous_6)
FN:46,(anonymous_7)
FN:54,(anonymous_8)
FN:58,(anonymous_9)
FN:61,(anonymous_10)
FNF:9
FNH:2
FNDA:1,(anonymous_2)
FNDA:2,DataService
FNDA:0,(anonymous_4)
FNDA:0,(anonymous_5)
FNDA:0,(anonymous_6)
FNDA:0,(anonymous_7)
FNDA:0,(anonymous_8)
FNDA:0,(anonymous_9)
FNDA:0,(anonymous_10)
DA:2,1
DA:3,1
DA:4,1
DA:5,1
DA:7,1
DA:9,1
DA:10,1
DA:20,1
DA:22,2
DA:23,2
DA:26,1
DA:27,0
DA:31,0
DA:33,0
DA:34,0
DA:36,0
DA:40,1
DA:41,0
DA:45,0
DA:47,0
DA:48,0
DA:50,0
DA:54,1
DA:55,0
DA:58,1
DA:59,0
DA:61,1
DA:62,0
DA:73,1
LF:29
LH:16
BRDA:28,0,0,0
BRDA:28,0,1,0
BRDA:33,1,0,0
BRDA:33,1,1,0
BRDA:42,2,0,0
BRDA:42,2,1,0
BRDA:47,3,0,0
BRDA:47,3,1,0
BRF:8
BRH:0
end_of_record
TN:
SF:D:/ekstep/sunbird-portal-angular5/sunbird-portal/src/app/migration/src/src/app/services/discussions/discussions.service.ts
FN:13,(anonymous_7)
FN:19,DiscussionsApiservice
FN:22,(anonymous_9)
FN:27,(anonymous_10)
FN:32,(anonymous_11)
FN:38,(anonymous_12)
FN:44,(anonymous_13)
FN:50,(anonymous_14)
FN:53,(anonymous_15)
FN:61,(anonymous_16)
FN:65,(anonymous_17)
FN:71,(anonymous_18)
FN:75,(anonymous_19)
FN:81,(anonymous_20)
FN:85,(anonymous_21)
FN:92,(anonymous_22)
FN:96,(anonymous_23)
FN:100,(anonymous_24)
FN:104,(anonymous_25)
FN:111,(anonymous_26)
FN:115,(anonymous_27)
FN:122,(anonymous_28)
FN:126,(anonymous_29)
FN:133,(anonymous_30)
FNF:24
FNH:3
FNDA:1,(anonymous_7)
FNDA:2,DiscussionsApiservice
FNDA:0,(anonymous_9)
FNDA:0,(anonymous_10)
FNDA:0,(anonymous_11)
FNDA:0,(anonymous_12)
FNDA:0,(anonymous_13)
FNDA:0,(anonymous_14)
FNDA:1,(anonymous_15)
FNDA:0,(anonymous_16)
FNDA:0,(anonymous_17)
FNDA:0,(anonymous_18)
FNDA:0,(anonymous_19)
FNDA:0,(anonymous_20)
FNDA:0,(anonymous_21)
FNDA:0,(anonymous_22)
FNDA:0,(anonymous_23)
FNDA:0,(anonymous_24)
FNDA:0,(anonymous_25)
FNDA:0,(anonymous_26)
FNDA:0,(anonymous_27)
FNDA:0,(anonymous_28)
FNDA:0,(anonymous_29)
FNDA:0,(anonymous_30)
DA:1,1
DA:2,1
DA:4,1
DA:5,1
DA:6,1
DA:7,1
DA:8,1
DA:10,1
DA:13,1
DA:14,2
DA:15,2
DA:16,2
DA:17,2
DA:19,2
DA:20,2
DA:22,1
DA:23,0
DA:24,0
DA:27,1
DA:28,0
DA:31,0
DA:33,0
DA:34,0
DA:38,1
DA:40,0
DA:43,0
DA:45,0
DA:50,1
DA:51,0
DA:53,1
DA:54,1
DA:59,1
DA:60,1
DA:62,0
DA:65,1
DA:66,0
DA:67,0
DA:71,0
DA:72,0
DA:75,1
DA:76,0
DA:77,0
DA:81,0
DA:82,0
DA:85,1
DA:86,0
DA:87,0
DA:91,0
DA:93,0
DA:96,1
DA:97,0
DA:98,0
DA:99,0
DA:101,0
DA:104,1
DA:105,0
DA:109,0
DA:110,0
DA:112,0
DA:115,1
DA:116,0
DA:120,0
DA:121,0
DA:123,0
DA:126,1
DA:127,0
DA:131,0
DA:132,0
DA:134,0
DA:137,1
LF:70
LH:31
BRDA:20,0,0,2
BRDA:20,0,1,2
BRF:2
BRH:2
end_of_record
