TN:
SF:/home/revathi/project/sunbird-portal/src/app/migration/src/src/polyfills.ts
FNF:0
FNH:0
DA:46,1
DA:60,1
LF:2
LH:2
BRF:0
BRH:0
end_of_record
TN:
SF:/home/revathi/project/sunbird-portal/src/app/migration/src/src/test.ts
FNF:0
FNH:0
DA:3,1
DA:4,1
DA:5,1
DA:13,1
DA:19,1
DA:21,1
LF:6
LH:6
BRF:0
BRH:0
end_of_record
TN:
SF:/home/revathi/project/sunbird-portal/src/app/migration/src/src/app/modules/core/services/data/data.service.ts
FN:15,(anonymous_2)
FN:32,DataService
FN:41,(anonymous_4)
FN:47,(anonymous_5)
FN:61,(anonymous_6)
FN:67,(anonymous_7)
FN:81,(anonymous_8)
FN:87,(anonymous_9)
FN:99,(anonymous_10)
FN:106,(anonymous_11)
FN:117,(anonymous_12)
FNF:11
FNH:4
FNDA:1,(anonymous_2)
FNDA:1,DataService
FNDA:0,(anonymous_4)
FNDA:0,(anonymous_5)
FNDA:1,(anonymous_6)
FNDA:0,(anonymous_7)
FNDA:0,(anonymous_8)
FNDA:0,(anonymous_9)
FNDA:0,(anonymous_10)
FNDA:0,(anonymous_11)
FNDA:1,(anonymous_12)
DA:2,1
DA:3,1
DA:4,1
DA:5,1
DA:8,1
DA:15,1
DA:19,1
DA:33,1
DA:41,1
DA:42,0
DA:46,0
DA:48,0
DA:49,0
DA:51,0
DA:61,1
DA:62,1
DA:66,1
DA:68,0
DA:69,0
DA:71,0
DA:81,1
DA:82,0
DA:86,0
DA:88,0
DA:89,0
DA:91,0
DA:99,1
DA:100,0
DA:105,0
DA:107,0
DA:108,0
DA:110,0
DA:117,1
DA:118,1
DA:129,1
LF:35
LH:17
BRDA:43,0,0,0
BRDA:43,0,1,0
BRDA:48,1,0,0
BRDA:48,1,1,0
BRDA:63,2,0,0
BRDA:63,2,1,1
BRDA:68,3,0,0
BRDA:68,3,1,0
BRDA:83,4,0,0
BRDA:83,4,1,0
BRDA:88,5,0,0
BRDA:88,5,1,0
BRDA:101,6,0,0
BRDA:101,6,1,0
BRDA:107,7,0,0
BRDA:107,7,1,0
BRF:16
BRH:1
end_of_record
TN:
SF:/home/revathi/project/sunbird-portal/src/app/migration/src/src/app/modules/discussions/components/thread-list/thread-list.component.spec.data.ts
FNF:0
FNH:0
DA:1,1
LF:1
LH:1
BRF:0
BRH:0
end_of_record
TN:
SF:/home/revathi/project/sunbird-portal/src/app/migration/src/src/app/modules/discussions/components/thread-list/thread-list.component.ts
FN:17,(anonymous_4)
FN:40,ThreadListComponent
FN:44,(anonymous_6)
FN:46,(anonymous_7)
FN:59,(anonymous_8)
FN:64,(anonymous_9)
FN:67,(anonymous_10)
FN:72,(anonymous_11)
FN:80,(anonymous_12)
FN:83,(anonymous_13)
FN:86,(anonymous_14)
FN:89,(anonymous_15)
FN:92,(anonymous_16)
FN:95,(anonymous_17)
FN:119,(anonymous_18)
FN:121,(anonymous_19)
FN:136,(anonymous_20)
FN:148,(anonymous_21)
FN:151,(anonymous_22)
FN:165,(anonymous_23)
FNF:20
FNH:5
FNDA:1,(anonymous_4)
FNDA:1,ThreadListComponent
FNDA:1,(anonymous_6)
FNDA:0,(anonymous_7)
FNDA:0,(anonymous_8)
FNDA:0,(anonymous_9)
FNDA:1,(anonymous_10)
FNDA:1,(anonymous_11)
FNDA:0,(anonymous_12)
FNDA:0,(anonymous_13)
FNDA:0,(anonymous_14)
FNDA:0,(anonymous_15)
FNDA:0,(anonymous_16)
FNDA:0,(anonymous_17)
FNDA:0,(anonymous_18)
FNDA:0,(anonymous_19)
FNDA:0,(anonymous_20)
FNDA:0,(anonymous_21)
FNDA:0,(anonymous_22)
FNDA:0,(anonymous_23)
DA:1,1
DA:2,1
DA:3,1
DA:6,1
DA:8,1
DA:9,1
DA:17,1
DA:39,1
DA:40,1
DA:41,1
DA:42,1
DA:44,1
DA:45,1
DA:46,1
DA:47,0
DA:48,0
DA:49,0
DA:50,0
DA:51,0
DA:52,0
DA:55,0
DA:60,0
DA:61,0
DA:64,1
DA:65,0
DA:67,1
DA:68,1
DA:71,1
DA:72,1
DA:73,1
DA:74,1
DA:76,1
DA:80,1
DA:81,0
DA:83,1
DA:84,0
DA:86,1
DA:87,0
DA:89,1
DA:90,0
DA:92,1
DA:93,0
DA:95,1
DA:96,0
DA:97,0
DA:98,0
DA:119,1
DA:120,0
DA:121,0
DA:122,0
DA:123,0
DA:124,0
DA:125,0
DA:127,0
DA:131,0
DA:137,0
DA:138,0
DA:139,0
DA:140,0
DA:148,1
DA:149,0
DA:150,0
DA:151,0
DA:152,0
DA:153,0
DA:154,0
DA:155,0
DA:156,0
DA:157,0
DA:158,0
DA:161,0
DA:166,0
DA:167,0
DA:168,0
DA:179,1
LF:75
LH:31
BRDA:51,0,0,0
BRDA:51,0,1,0
BRDA:123,1,0,0
BRDA:123,1,1,0
BRDA:123,2,0,0
BRDA:123,2,1,0
BRDA:124,3,0,0
BRDA:124,3,1,0
BRDA:153,4,0,0
BRDA:153,4,1,0
BRDA:153,5,0,0
BRDA:153,5,1,0
BRDA:154,6,0,0
BRDA:154,6,1,0
BRF:14
BRH:0
end_of_record
TN:
SF:/home/revathi/project/sunbird-portal/src/app/migration/src/src/app/modules/discussions/interfaces/discussions.interface.ts
FN:1,(anonymous_0)
FN:2,DiscussionsObject
FNF:2
FNH:2
FNDA:1,(anonymous_0)
FNDA:1,DiscussionsObject
DA:1,1
DA:3,1
DA:4,1
DA:5,1
DA:6,1
DA:7,1
DA:8,1
DA:9,1
DA:10,1
DA:17,1
DA:18,1
DA:19,1
DA:20,1
DA:21,1
DA:22,1
DA:23,1
DA:24,1
DA:26,1
LF:18
LH:18
BRF:0
BRH:0
end_of_record
TN:
SF:/home/revathi/project/sunbird-portal/src/app/migration/src/src/app/modules/discussions/pipes/sort-thread-reply/sort-by-date.pipe.ts
FN:8,(anonymous_1)
FN:10,(anonymous_3)
FN:19,(anonymous_4)
FNF:3
FNH:1
FNDA:2,(anonymous_1)
FNDA:0,(anonymous_3)
FNDA:0,(anonymous_4)
DA:2,1
DA:8,1
DA:10,1
DA:11,0
DA:12,0
DA:13,0
DA:16,0
DA:19,0
DA:20,0
DA:21,0
DA:22,0
DA:23,0
DA:24,0
DA:26,0
DA:28,0
DA:31,0
DA:33,1
LF:17
LH:4
BRDA:12,0,0,0
BRDA:12,0,1,0
BRDA:20,1,0,0
BRDA:20,1,1,0
BRDA:24,2,0,0
BRDA:24,2,1,0
BRDA:26,3,0,0
BRDA:26,3,1,0
BRF:8
BRH:0
end_of_record
TN:
SF:/home/revathi/project/sunbird-portal/src/app/migration/src/src/app/modules/discussions/services/discussions.service.ts
FN:18,(anonymous_7)
FN:41,DiscussionsApiservice
FN:50,(anonymous_9)
FN:59,(anonymous_10)
FN:73,(anonymous_11)
FN:85,(anonymous_12)
FN:113,(anonymous_13)
FN:128,(anonymous_14)
FN:142,(anonymous_15)
FN:157,(anonymous_16)
FN:172,(anonymous_17)
FN:186,(anonymous_18)
FN:199,(anonymous_19)
FN:212,(anonymous_20)
FN:219,(anonymous_21)
FN:230,(anonymous_22)
FN:243,(anonymous_23)
FNF:17
FNH:3
FNDA:1,(anonymous_7)
FNDA:1,DiscussionsApiservice
FNDA:0,(anonymous_9)
FNDA:1,(anonymous_10)
FNDA:0,(anonymous_11)
FNDA:0,(anonymous_12)
FNDA:0,(anonymous_13)
FNDA:0,(anonymous_14)
FNDA:0,(anonymous_15)
FNDA:0,(anonymous_16)
FNDA:0,(anonymous_17)
FNDA:0,(anonymous_18)
FNDA:0,(anonymous_19)
FNDA:0,(anonymous_20)
FNDA:0,(anonymous_21)
FNDA:0,(anonymous_22)
FNDA:0,(anonymous_23)
DA:1,1
DA:2,1
DA:4,1
DA:6,1
DA:7,1
DA:8,1
DA:18,1
DA:19,1
DA:21,1
DA:42,1
DA:43,1
DA:44,1
DA:50,1
DA:51,0
DA:52,0
DA:59,1
DA:60,1
DA:61,1
DA:68,1
DA:73,1
DA:74,0
DA:77,0
DA:85,1
DA:86,0
DA:87,0
DA:96,0
DA:113,1
DA:114,0
DA:115,0
DA:122,0
DA:128,1
DA:129,0
DA:135,0
DA:136,0
DA:142,1
DA:143,0
DA:144,0
DA:152,0
DA:157,1
DA:158,0
DA:159,0
DA:167,0
DA:172,1
DA:173,0
DA:179,0
DA:186,1
DA:187,0
DA:188,0
DA:194,0
DA:199,1
DA:200,0
DA:201,0
DA:207,0
DA:212,1
DA:213,0
DA:219,0
DA:220,0
DA:230,1
DA:231,0
DA:237,0
DA:243,1
DA:244,0
DA:249,0
DA:251,1
LF:64
LH:30
BRDA:42,0,0,1
BRDA:42,0,1,1
BRF:2
BRH:2
end_of_record
TN:
SF:/home/revathi/project/sunbird-portal/src/app/migration/src/src/app/modules/shared/index.ts
FNF:0
FNH:0
DA:1,1
DA:2,1
DA:4,1
LF:3
LH:3
BRF:0
BRH:0
end_of_record
TN:
SF:/home/revathi/project/sunbird-portal/src/app/migration/src/src/app/modules/shared/shared.module.ts
FN:17,(anonymous_1)
FNF:1
FNH:1
FNDA:2,(anonymous_1)
DA:1,1
DA:2,1
DA:3,1
DA:4,1
DA:5,1
DA:6,1
DA:17,1
LF:7
LH:7
BRF:0
BRH:0
end_of_record
TN:
SF:/home/revathi/project/sunbird-portal/src/app/migration/src/src/app/modules/shared/components/announcement-inbox-card/announcement-inbox-card.component.ts
FN:14,(anonymous_2)
FN:28,AnnouncementInboxCardComponent
FNF:2
FNH:1
FNDA:1,(anonymous_2)
FNDA:0,AnnouncementInboxCardComponent
DA:2,1
DA:3,1
DA:14,1
DA:22,1
DA:29,0
DA:33,1
LF:6
LH:5
BRF:0
BRH:0
end_of_record
TN:
SF:/home/revathi/project/sunbird-portal/src/app/migration/src/src/app/modules/shared/components/app-loader/app-loader.component.ts
FN:22,(anonymous_2)
FN:36,AppLoaderComponent
FN:38,(anonymous_4)
FNF:3
FNH:1
FNDA:1,(anonymous_2)
FNDA:0,AppLoaderComponent
FNDA:0,(anonymous_4)
DA:1,1
DA:2,1
DA:22,1
DA:26,1
DA:30,0
DA:34,0
DA:38,1
DA:39,0
DA:40,0
DA:41,0
DA:44,1
LF:11
LH:6
BRDA:39,0,0,0
BRDA:39,0,1,0
BRDA:40,1,0,0
BRDA:40,1,1,0
BRDA:41,2,0,0
BRDA:41,2,1,0
BRF:6
BRH:0
end_of_record
TN:
SF:/home/revathi/project/sunbird-portal/src/app/migration/src/src/app/modules/shared/pipes/index.ts
FNF:0
FNH:0
DA:1,1
LF:1
LH:1
BRF:0
BRH:0
end_of_record
TN:
SF:/home/revathi/project/sunbird-portal/src/app/migration/src/src/app/modules/shared/pipes/date-format/date-format.pipe.ts
FN:12,(anonymous_1)
FN:20,(anonymous_3)
FNF:2
FNH:1
FNDA:1,(anonymous_1)
FNDA:0,(anonymous_3)
DA:1,1
DA:2,1
DA:3,1
DA:12,1
DA:20,1
DA:21,0
DA:24,1
LF:7
LH:6
BRDA:3,0,0,1
BRDA:3,0,1,1
BRDA:21,1,0,0
BRDA:21,1,1,0
BRF:4
BRH:2
end_of_record
TN:
SF:/home/revathi/project/sunbird-portal/src/app/migration/src/src/app/modules/shared/services/index.ts
FNF:0
FNH:0
DA:1,1
DA:2,1
DA:3,1
DA:4,1
DA:5,1
LF:5
LH:5
BRF:0
BRH:0
end_of_record
TN:
SF:/home/revathi/project/sunbird-portal/src/app/migration/src/src/app/modules/shared/services/config/config.service.ts
FN:12,(anonymous_1)
FN:11,ConfigService
FNF:2
FNH:2
FNDA:1,(anonymous_1)
FNDA:1,ConfigService
DA:1,1
DA:2,1
DA:3,1
DA:4,1
DA:5,1
DA:12,1
DA:17,1
DA:22,1
DA:27,1
DA:32,1
DA:33,1
LF:11
LH:11
BRF:0
BRH:0
end_of_record
TN:
SF:/home/revathi/project/sunbird-portal/src/app/migration/src/src/app/modules/shared/services/navigate/router-navigation.service.ts
FN:10,(anonymous_2)
FN:27,RouterNavigationService
FN:38,(anonymous_4)
FN:40,(anonymous_5)
FNF:4
FNH:1
FNDA:1,(anonymous_2)
FNDA:0,RouterNavigationService
FNDA:0,(anonymous_4)
FNDA:0,(anonymous_5)
DA:1,1
DA:2,1
DA:3,1
DA:10,1
DA:28,0
DA:38,1
DA:39,0
DA:40,0
DA:41,0
DA:43,0
DA:44,0
DA:46,1
LF:12
LH:6
BRF:0
BRH:0
end_of_record
TN:
SF:/home/revathi/project/sunbird-portal/src/app/migration/src/src/app/modules/shared/services/pagination/pagination.service.ts
FN:14,(anonymous_1)
FN:25,(anonymous_3)
FNF:2
FNH:1
FNDA:1,(anonymous_1)
FNDA:0,(anonymous_3)
DA:1,1
DA:2,1
DA:14,1
DA:25,1
DA:27,0
DA:31,0
DA:32,0
DA:33,0
DA:36,0
DA:37,0
DA:38,0
DA:40,0
DA:41,0
DA:42,0
DA:45,0
DA:46,0
DA:50,0
DA:51,0
DA:54,0
DA:57,0
DA:69,1
LF:21
LH:5
BRDA:25,0,0,0
BRDA:25,0,1,0
BRDA:25,1,0,0
BRDA:25,1,1,0
BRDA:25,2,0,0
BRDA:25,2,1,0
BRDA:31,3,0,0
BRDA:31,3,1,0
BRDA:36,4,0,0
BRDA:36,4,1,0
BRDA:40,5,0,0
BRDA:40,5,1,0
BRF:12
BRH:0
end_of_record
TN:
SF:/home/revathi/project/sunbird-portal/src/app/migration/src/src/app/modules/shared/services/resource/resource.service.ts
FN:12,(anonymous_2)
FN:32,ResourceService
FN:40,(anonymous_4)
FN:46,(anonymous_5)
FN:51,(anonymous_6)
FN:55,(anonymous_7)
FN:59,(anonymous_8)
FN:65,(anonymous_9)
FN:72,(anonymous_10)
FNF:9
FNH:1
FNDA:1,(anonymous_2)
FNDA:0,ResourceService
FNDA:0,(anonymous_4)
FNDA:0,(anonymous_5)
FNDA:0,(anonymous_6)
FNDA:0,(anonymous_7)
FNDA:0,(anonymous_8)
FNDA:0,(anonymous_9)
FNDA:0,(anonymous_10)
DA:2,1
DA:3,1
DA:4,1
DA:5,1
DA:6,1
DA:7,1
DA:12,1
DA:16,0
DA:20,0
DA:36,0
DA:37,0
DA:38,0
DA:40,1
DA:41,0
DA:46,1
DA:47,0
DA:50,0
DA:52,0
DA:53,0
DA:59,1
DA:60,0
DA:64,0
DA:66,0
DA:67,0
DA:69,0
DA:72,1
DA:73,0
DA:84,1
LF:28
LH:12
BRDA:61,0,0,0
BRDA:61,0,1,0
BRDA:66,1,0,0
BRDA:66,1,1,0
BRF:4
BRH:0
end_of_record
TN:
SF:/home/revathi/project/sunbird-portal/src/app/migration/src/src/app/modules/shared/services/toaster/toaster.service.ts
FN:14,(anonymous_2)
FN:28,ToasterService
FN:41,(anonymous_4)
FN:52,(anonymous_5)
FN:63,(anonymous_6)
FN:74,(anonymous_7)
FNF:6
FNH:2
FNDA:1,(anonymous_2)
FNDA:1,ToasterService
FNDA:0,(anonymous_4)
FNDA:0,(anonymous_5)
FNDA:0,(anonymous_6)
FNDA:0,(anonymous_7)
DA:1,1
DA:2,1
DA:14,1
DA:29,1
DA:30,1
DA:41,1
DA:42,0
DA:52,1
DA:53,0
DA:63,1
DA:64,0
DA:74,1
DA:75,0
DA:79,1
LF:14
LH:10
BRF:0
BRH:0
end_of_record
