TN:
SF:/home/revathi/project/sunbird-portal/src/app/migration/src/src/polyfills.ts
FNF:0
FNH:0
DA:46,1
DA:60,1
LF:2
LH:2
BRF:0
BRH:0
end_of_record
TN:
SF:/home/revathi/project/sunbird-portal/src/app/migration/src/src/test.ts
FNF:0
FNH:0
DA:3,1
DA:4,1
DA:5,1
DA:13,1
DA:19,1
DA:21,1
LF:6
LH:6
BRF:0
BRH:0
end_of_record
TN:
SF:/home/revathi/project/sunbird-portal/src/app/migration/src/src/app/modules/core/services/data/data.service.ts
FN:15,(anonymous_2)
FN:32,DataService
FN:41,(anonymous_4)
FN:47,(anonymous_5)
FN:61,(anonymous_6)
FN:67,(anonymous_7)
FN:81,(anonymous_8)
FN:87,(anonymous_9)
FN:99,(anonymous_10)
FN:106,(anonymous_11)
FN:117,(anonymous_12)
FNF:11
FNH:2
FNDA:1,(anonymous_2)
FNDA:2,DataService
FNDA:0,(anonymous_4)
FNDA:0,(anonymous_5)
FNDA:0,(anonymous_6)
FNDA:0,(anonymous_7)
FNDA:0,(anonymous_8)
FNDA:0,(anonymous_9)
FNDA:0,(anonymous_10)
FNDA:0,(anonymous_11)
FNDA:0,(anonymous_12)
DA:2,1
DA:3,1
DA:4,1
DA:5,1
DA:8,1
DA:15,1
DA:19,2
DA:33,2
DA:41,1
DA:42,0
DA:46,0
DA:48,0
DA:49,0
DA:51,0
DA:61,1
DA:62,0
DA:66,0
DA:68,0
DA:69,0
DA:71,0
DA:81,1
DA:82,0
DA:86,0
DA:88,0
DA:89,0
DA:91,0
DA:99,1
DA:100,0
DA:105,0
DA:107,0
DA:108,0
DA:110,0
DA:117,1
DA:118,0
DA:129,1
LF:35
LH:14
BRDA:43,0,0,0
BRDA:43,0,1,0
BRDA:48,1,0,0
BRDA:48,1,1,0
BRDA:63,2,0,0
BRDA:63,2,1,0
BRDA:68,3,0,0
BRDA:68,3,1,0
BRDA:83,4,0,0
BRDA:83,4,1,0
BRDA:88,5,0,0
BRDA:88,5,1,0
BRDA:101,6,0,0
BRDA:101,6,1,0
BRDA:107,7,0,0
BRDA:107,7,1,0
BRF:16
BRH:0
end_of_record
TN:
SF:/home/revathi/project/sunbird-portal/src/app/migration/src/src/app/modules/discussions/components/create-thread/create-thread.component.ts
FN:15,(anonymous_2)
FN:39,CreateThreadComponent
FN:43,(anonymous_4)
FN:46,(anonymous_5)
FN:59,(anonymous_6)
FN:77,(anonymous_7)
FN:80,(anonymous_8)
FN:84,(anonymous_9)
FN:86,(anonymous_10)
FN:95,(anonymous_11)
FNF:10
FNH:3
FNDA:1,(anonymous_2)
FNDA:2,CreateThreadComponent
FNDA:0,(anonymous_4)
FNDA:0,(anonymous_5)
FNDA:0,(anonymous_6)
FNDA:0,(anonymous_7)
FNDA:0,(anonymous_8)
FNDA:1,(anonymous_9)
FNDA:0,(anonymous_10)
FNDA:0,(anonymous_11)
DA:2,1
DA:3,1
DA:4,1
DA:5,1
DA:6,1
DA:15,1
DA:38,2
DA:39,2
DA:40,2
DA:41,2
DA:43,1
DA:44,0
DA:45,0
DA:46,0
DA:47,0
DA:48,0
DA:51,0
DA:59,1
DA:60,0
DA:62,0
DA:63,0
DA:65,0
DA:66,0
DA:68,0
DA:69,0
DA:71,0
DA:72,0
DA:74,0
DA:77,1
DA:78,0
DA:80,1
DA:81,0
DA:84,1
DA:85,1
DA:86,1
DA:87,0
DA:88,0
DA:89,0
DA:90,0
DA:91,0
DA:92,0
DA:96,0
DA:100,1
LF:43
LH:18
BRDA:62,0,0,0
BRDA:62,0,1,0
BRDA:65,1,0,0
BRDA:65,1,1,0
BRDA:68,2,0,0
BRDA:68,2,1,0
BRDA:71,3,0,0
BRDA:71,3,1,0
BRDA:90,4,0,0
BRDA:90,4,1,0
BRDA:90,5,0,0
BRDA:90,5,1,0
BRF:12
BRH:0
end_of_record
TN:
SF:/home/revathi/project/sunbird-portal/src/app/migration/src/src/app/modules/discussions/interfaces/discussions.interface.ts
FN:1,(anonymous_0)
FN:2,DiscussionsObject
FNF:2
FNH:2
FNDA:1,(anonymous_0)
FNDA:2,DiscussionsObject
DA:1,1
DA:3,2
DA:4,2
DA:5,2
DA:6,2
DA:7,2
DA:8,2
DA:9,2
DA:10,2
DA:17,2
DA:18,2
DA:19,2
DA:20,2
DA:21,2
DA:22,2
DA:23,2
DA:24,2
DA:26,1
LF:18
LH:18
BRF:0
BRH:0
end_of_record
TN:
SF:/home/revathi/project/sunbird-portal/src/app/migration/src/src/app/modules/discussions/services/discussions.service.ts
FN:18,(anonymous_7)
FN:41,DiscussionsApiservice
FN:50,(anonymous_9)
FN:59,(anonymous_10)
FN:73,(anonymous_11)
FN:85,(anonymous_12)
FN:113,(anonymous_13)
FN:128,(anonymous_14)
FN:142,(anonymous_15)
FN:157,(anonymous_16)
FN:172,(anonymous_17)
FN:186,(anonymous_18)
FN:201,(anonymous_19)
FN:216,(anonymous_20)
FN:223,(anonymous_21)
FN:234,(anonymous_22)
FN:247,(anonymous_23)
FNF:17
FNH:3
FNDA:1,(anonymous_7)
FNDA:2,DiscussionsApiservice
FNDA:0,(anonymous_9)
FNDA:0,(anonymous_10)
FNDA:0,(anonymous_11)
FNDA:1,(anonymous_12)
FNDA:0,(anonymous_13)
FNDA:0,(anonymous_14)
FNDA:0,(anonymous_15)
FNDA:0,(anonymous_16)
FNDA:0,(anonymous_17)
FNDA:0,(anonymous_18)
FNDA:0,(anonymous_19)
FNDA:0,(anonymous_20)
FNDA:0,(anonymous_21)
FNDA:0,(anonymous_22)
FNDA:0,(anonymous_23)
DA:1,1
DA:2,1
DA:4,1
DA:6,1
DA:7,1
DA:8,1
DA:18,1
DA:19,2
DA:21,2
DA:42,2
DA:43,2
DA:44,2
DA:50,1
DA:51,0
DA:52,0
DA:59,1
DA:60,0
DA:61,0
DA:68,0
DA:73,1
DA:74,0
DA:77,0
DA:85,1
DA:86,1
DA:87,1
DA:96,1
DA:113,1
DA:114,0
DA:115,0
DA:122,0
DA:128,1
DA:129,0
DA:135,0
DA:136,0
DA:142,1
DA:143,0
DA:144,0
DA:152,0
DA:157,1
DA:158,0
DA:159,0
DA:167,0
DA:172,1
DA:173,0
DA:179,0
DA:186,1
DA:187,0
DA:188,0
DA:196,0
DA:201,1
DA:202,0
DA:203,0
DA:211,0
DA:216,1
DA:217,0
DA:223,0
DA:224,0
DA:234,1
DA:235,0
DA:241,0
DA:247,1
DA:248,0
DA:253,0
DA:255,1
LF:64
LH:30
BRDA:42,0,0,2
BRDA:42,0,1,2
BRF:2
BRH:2
end_of_record
TN:
SF:/home/revathi/project/sunbird-portal/src/app/migration/src/src/app/modules/shared/index.ts
FNF:0
FNH:0
DA:1,1
DA:2,1
DA:4,1
LF:3
LH:3
BRF:0
BRH:0
end_of_record
TN:
SF:/home/revathi/project/sunbird-portal/src/app/migration/src/src/app/modules/shared/shared.module.ts
FN:17,(anonymous_1)
FNF:1
FNH:1
FNDA:1,(anonymous_1)
DA:1,1
DA:2,1
DA:3,1
DA:4,1
DA:5,1
DA:6,1
DA:17,1
LF:7
LH:7
BRF:0
BRH:0
end_of_record
TN:
SF:/home/revathi/project/sunbird-portal/src/app/migration/src/src/app/modules/shared/components/announcement-inbox-card/announcement-inbox-card.component.ts
FN:14,(anonymous_2)
FN:28,AnnouncementInboxCardComponent
FNF:2
FNH:1
FNDA:1,(anonymous_2)
FNDA:0,AnnouncementInboxCardComponent
DA:2,1
DA:3,1
DA:14,1
DA:22,1
DA:29,0
DA:33,1
LF:6
LH:5
BRF:0
BRH:0
end_of_record
TN:
SF:/home/revathi/project/sunbird-portal/src/app/migration/src/src/app/modules/shared/components/app-loader/app-loader.component.ts
FN:22,(anonymous_2)
FN:36,AppLoaderComponent
FN:38,(anonymous_4)
FNF:3
FNH:1
FNDA:1,(anonymous_2)
FNDA:0,AppLoaderComponent
FNDA:0,(anonymous_4)
DA:1,1
DA:2,1
DA:22,1
DA:26,1
DA:30,0
DA:34,0
DA:38,1
DA:39,0
DA:40,0
DA:41,0
DA:44,1
LF:11
LH:6
BRDA:39,0,0,0
BRDA:39,0,1,0
BRDA:40,1,0,0
BRDA:40,1,1,0
BRDA:41,2,0,0
BRDA:41,2,1,0
BRF:6
BRH:0
end_of_record
TN:
SF:/home/revathi/project/sunbird-portal/src/app/migration/src/src/app/modules/shared/pipes/index.ts
FNF:0
FNH:0
DA:1,1
LF:1
LH:1
BRF:0
BRH:0
end_of_record
TN:
SF:/home/revathi/project/sunbird-portal/src/app/migration/src/src/app/modules/shared/pipes/date-format/date-format.pipe.ts
FN:12,(anonymous_1)
FN:20,(anonymous_3)
FNF:2
FNH:1
FNDA:1,(anonymous_1)
FNDA:0,(anonymous_3)
DA:1,1
DA:2,1
DA:3,1
DA:12,1
DA:20,1
DA:21,0
DA:24,1
LF:7
LH:6
BRDA:3,0,0,1
BRDA:3,0,1,1
BRDA:21,1,0,0
BRDA:21,1,1,0
BRF:4
BRH:2
end_of_record
TN:
SF:/home/revathi/project/sunbird-portal/src/app/migration/src/src/app/modules/shared/services/index.ts
FNF:0
FNH:0
DA:1,1
DA:2,1
DA:3,1
DA:4,1
DA:5,1
LF:5
LH:5
BRF:0
BRH:0
end_of_record
TN:
SF:/home/revathi/project/sunbird-portal/src/app/migration/src/src/app/modules/shared/services/config/config.service.ts
FN:12,(anonymous_1)
FN:11,ConfigService
FNF:2
FNH:2
FNDA:1,(anonymous_1)
FNDA:2,ConfigService
DA:1,1
DA:2,1
DA:3,1
DA:4,1
DA:5,1
DA:12,1
DA:17,2
DA:22,2
DA:27,2
DA:32,2
DA:33,1
LF:11
LH:11
BRF:0
BRH:0
end_of_record
TN:
SF:/home/revathi/project/sunbird-portal/src/app/migration/src/src/app/modules/shared/services/navigate/router-navigation.service.ts
FN:10,(anonymous_2)
FN:27,RouterNavigationService
FN:38,(anonymous_4)
FN:40,(anonymous_5)
FNF:4
FNH:1
FNDA:1,(anonymous_2)
FNDA:0,RouterNavigationService
FNDA:0,(anonymous_4)
FNDA:0,(anonymous_5)
DA:1,1
DA:2,1
DA:3,1
DA:10,1
DA:28,0
DA:38,1
DA:39,0
DA:40,0
DA:41,0
DA:43,0
DA:44,0
DA:46,1
LF:12
LH:6
BRF:0
BRH:0
end_of_record
TN:
SF:/home/revathi/project/sunbird-portal/src/app/migration/src/src/app/modules/shared/services/pagination/pagination.service.ts
FN:14,(anonymous_1)
FN:25,(anonymous_3)
FNF:2
FNH:1
FNDA:1,(anonymous_1)
FNDA:0,(anonymous_3)
DA:1,1
DA:2,1
DA:14,1
DA:25,1
DA:27,0
DA:31,0
DA:32,0
DA:33,0
DA:36,0
DA:37,0
DA:38,0
DA:40,0
DA:41,0
DA:42,0
DA:45,0
DA:46,0
DA:50,0
DA:51,0
DA:54,0
DA:57,0
DA:69,1
LF:21
LH:5
BRDA:25,0,0,0
BRDA:25,0,1,0
BRDA:25,1,0,0
BRDA:25,1,1,0
BRDA:25,2,0,0
BRDA:25,2,1,0
BRDA:31,3,0,0
BRDA:31,3,1,0
BRDA:36,4,0,0
BRDA:36,4,1,0
BRDA:40,5,0,0
BRDA:40,5,1,0
BRF:12
BRH:0
end_of_record
TN:
SF:/home/revathi/project/sunbird-portal/src/app/migration/src/src/app/modules/shared/services/resource/resource.service.ts
FN:12,(anonymous_2)
FN:32,ResourceService
FN:40,(anonymous_4)
FN:46,(anonymous_5)
FN:51,(anonymous_6)
FN:55,(anonymous_7)
FN:59,(anonymous_8)
FN:65,(anonymous_9)
FN:72,(anonymous_10)
FNF:9
FNH:1
FNDA:1,(anonymous_2)
FNDA:0,ResourceService
FNDA:0,(anonymous_4)
FNDA:0,(anonymous_5)
FNDA:0,(anonymous_6)
FNDA:0,(anonymous_7)
FNDA:0,(anonymous_8)
FNDA:0,(anonymous_9)
FNDA:0,(anonymous_10)
DA:2,1
DA:3,1
DA:4,1
DA:5,1
DA:6,1
DA:7,1
DA:12,1
DA:16,0
DA:20,0
DA:36,0
DA:37,0
DA:38,0
DA:40,1
DA:41,0
DA:46,1
DA:47,0
DA:50,0
DA:52,0
DA:53,0
DA:59,1
DA:60,0
DA:64,0
DA:66,0
DA:67,0
DA:69,0
DA:72,1
DA:73,0
DA:84,1
LF:28
LH:12
BRDA:61,0,0,0
BRDA:61,0,1,0
BRDA:66,1,0,0
BRDA:66,1,1,0
BRF:4
BRH:0
end_of_record
TN:
SF:/home/revathi/project/sunbird-portal/src/app/migration/src/src/app/modules/shared/services/toaster/toaster.service.ts
FN:14,(anonymous_2)
FN:28,ToasterService
FN:41,(anonymous_4)
FN:52,(anonymous_5)
FN:63,(anonymous_6)
FN:74,(anonymous_7)
FNF:6
FNH:2
FNDA:1,(anonymous_2)
FNDA:2,ToasterService
FNDA:0,(anonymous_4)
FNDA:0,(anonymous_5)
FNDA:0,(anonymous_6)
FNDA:0,(anonymous_7)
DA:1,1
DA:2,1
DA:14,1
DA:29,2
DA:30,2
DA:41,1
DA:42,0
DA:52,1
DA:53,0
DA:63,1
DA:64,0
DA:74,1
DA:75,0
DA:79,1
LF:14
LH:10
BRF:0
BRH:0
end_of_record
